-------------------------------------------------------------------------------
Test set: edu.brown.cs.mramesh4.GraphTest.NodeTest
-------------------------------------------------------------------------------
Tests run: 1, Failures: 0, Errors: 1, Skipped: 0, Time elapsed: 0.001 s <<< FAILURE! - in edu.brown.cs.mramesh4.GraphTest.NodeTest
edu.brown.cs.mramesh4.GraphTest.NodeTest.initializationError  Time elapsed: 0 s  <<< ERROR!
java.lang.NoClassDefFoundError: Ledu/brown/cs/mramesh4/TripGraph/CityNode;
Caused by: java.lang.ClassNotFoundException: edu.brown.cs.mramesh4.TripGraph.CityNode

