-------------------------------------------------------------------------------
Test set: edu.brown.cs.mramesh4.GraphTest.GraphBuilderTest
-------------------------------------------------------------------------------
Tests run: 5, Failures: 0, Errors: 1, Skipped: 0, Time elapsed: 0.526 s <<< FAILURE! - in edu.brown.cs.mramesh4.GraphTest.GraphBuilderTest
edu.brown.cs.mramesh4.GraphTest.GraphBuilderTest.tooManyToVisit  Time elapsed: 0.033 s  <<< ERROR!
java.lang.OutOfMemoryError: unable to create native thread: possibly out of memory or process/resource limits reached
	at edu.brown.cs.mramesh4.GraphTest.GraphBuilderTest.tooManyToVisit(GraphBuilderTest.java:92)

